<?xml version="1.0" encoding="UTF-8"?>
<testng-results skipped="0" failed="0" ignored="0" total="1" passed="1">
  <reporter-output>
  </reporter-output>
  <suite name="Default suite" duration-ms="15669" started-at="2022-03-10T22:12:47Z" finished-at="2022-03-10T22:13:03Z">
    <groups>
      <group name="cucumber">
        <method signature="AbstractTestNGCucumberTests.runScenario(cucumber.api.testng.PickleEventWrapper, cucumber.api.testng.CucumberFeatureWrapper)[pri:0, instance:com.homework.testRunner.TestRunner@3e2e18f2]" name="runScenario" class="cucumber.api.testng.AbstractTestNGCucumberTests"/>
      </group> <!-- cucumber -->
    </groups>
    <test name="Default test" duration-ms="15669" started-at="2022-03-10T22:12:47Z" finished-at="2022-03-10T22:13:03Z">
      <class name="com.homework.testRunner.TestRunner">
        <test-method status="PASS" signature="setUpClass()[pri:0, instance:com.homework.testRunner.TestRunner@3e2e18f2]" name="setUpClass" is-config="true" duration-ms="86" started-at="2022-03-10T22:12:47Z" finished-at="2022-03-10T22:12:47Z">
          <reporter-output>
          </reporter-output>
        </test-method> <!-- setUpClass -->
        <test-method status="PASS" signature="runScenario(cucumber.api.testng.PickleEventWrapper, cucumber.api.testng.CucumberFeatureWrapper)[pri:0, instance:com.homework.testRunner.TestRunner@3e2e18f2]" name="runScenario" duration-ms="15485" started-at="2022-03-10T22:12:47Z" description="Runs Cucumber Scenarios" data-provider="scenarios" finished-at="2022-03-10T22:13:03Z">
          <params>
            <param index="0">
              <value>
                <![CDATA["Login functionality"]]>
              </value>
            </param>
            <param index="1">
              <value>
                <![CDATA["Login Page Functionality"]]>
              </value>
            </param>
          </params>
          <reporter-output>
          </reporter-output>
        </test-method> <!-- runScenario -->
        <test-method status="PASS" signature="tearDown()[pri:0, instance:com.homework.testRunner.TestRunner@3e2e18f2]" name="tearDown" is-config="true" duration-ms="11" started-at="2022-03-10T22:13:03Z" finished-at="2022-03-10T22:13:03Z">
          <reporter-output>
          </reporter-output>
        </test-method> <!-- tearDown -->
        <test-method status="PASS" signature="tearDownClass()[pri:0, instance:com.homework.testRunner.TestRunner@3e2e18f2]" name="tearDownClass" is-config="true" duration-ms="38" started-at="2022-03-10T22:13:03Z" finished-at="2022-03-10T22:13:03Z">
          <reporter-output>
          </reporter-output>
        </test-method> <!-- tearDownClass -->
      </class> <!-- com.homework.testRunner.TestRunner -->
    </test> <!-- Default test -->
  </suite> <!-- Default suite -->
</testng-results>
